<?xml version="1.0" encoding="UTF-8" ?>
<testsuites>
  <testsuite errors="1" failures="0" hostname="LAPTOP-LTVE5SGF" id="0" name="MainmenuTest" package="frogMainmenu" skipped="0" tests="1" time="0.0" timestamp="2020-12-17T09:02:40">
      <properties>
[...]
</properties>

      <error message="frogMainmenu.MainmenuTest" type="java.lang.ClassNotFoundException">java.lang.ClassNotFoundException: frogMainmenu.MainmenuTest
	at java.base/jdk.internal.loader.BuiltinClassLoader.loadClass(BuiltinClassLoader.java:602)
	at java.base/jdk.internal.loader.ClassLoaders$AppClassLoader.loadClass(ClassLoaders.java:178)
	at java.base/java.lang.ClassLoader.loadClass(ClassLoader.java:522)
	at java.base/java.lang.Class.forName0(Native Method)
	at java.base/java.lang.Class.forName(Class.java:427)
</error>

      <system-out><![CDATA[]]></system-out>

      <system-err><![CDATA[]]></system-err>

  </testsuite>
  <testsuite errors="3" failures="0" hostname="LAPTOP-LTVE5SGF" id="1" name="HighscoreTest" package="frogTest" skipped="0" tests="3" time="0.067" timestamp="2020-12-17T08:57:18">
      <properties>
[...]
</properties>

      <testcase classname="frogTest.HighscoreTest" name="initializationError" time="0.001">
          <error message="The class frogTest.HighscoreTest is not public." type="java.lang.Exception">java.lang.Exception: The class frogTest.HighscoreTest is not public.
	at java.base/jdk.internal.reflect.NativeConstructorAccessorImpl.newInstance0(Native Method)
	at java.base/jdk.internal.reflect.NativeConstructorAccessorImpl.newInstance(NativeConstructorAccessorImpl.java:62)
	at java.base/jdk.internal.reflect.DelegatingConstructorAccessorImpl.newInstance(DelegatingConstructorAccessorImpl.java:45)
	at java.base/java.lang.reflect.Constructor.newInstanceWithCaller(Constructor.java:500)
	at java.base/java.lang.reflect.Constructor.newInstance(Constructor.java:481)
</error>

          <error message="Test class should have exactly one public constructor" type="java.lang.Exception">java.lang.Exception: Test class should have exactly one public constructor
	at java.base/jdk.internal.reflect.NativeConstructorAccessorImpl.newInstance0(Native Method)
	at java.base/jdk.internal.reflect.NativeConstructorAccessorImpl.newInstance(NativeConstructorAccessorImpl.java:62)
	at java.base/jdk.internal.reflect.DelegatingConstructorAccessorImpl.newInstance(DelegatingConstructorAccessorImpl.java:45)
	at java.base/java.lang.reflect.Constructor.newInstanceWithCaller(Constructor.java:500)
	at java.base/java.lang.reflect.Constructor.newInstance(Constructor.java:481)
</error>

          <error message="No runnable methods" type="java.lang.Exception">java.lang.Exception: No runnable methods
	at java.base/jdk.internal.reflect.NativeConstructorAccessorImpl.newInstance0(Native Method)
	at java.base/jdk.internal.reflect.NativeConstructorAccessorImpl.newInstance(NativeConstructorAccessorImpl.java:62)
	at java.base/jdk.internal.reflect.DelegatingConstructorAccessorImpl.newInstance(DelegatingConstructorAccessorImpl.java:45)
	at java.base/java.lang.reflect.Constructor.newInstanceWithCaller(Constructor.java:500)
	at java.base/java.lang.reflect.Constructor.newInstance(Constructor.java:481)
</error>

      </testcase>

      <system-out><![CDATA[]]></system-out>

      <system-err><![CDATA[]]></system-err>

  </testsuite>
</testsuites>
